#
# There is insufficient memory for the Java Runtime Environment to continue.
# Native memory allocation (malloc) failed to allocate 1771376 bytes for Chunk::new
# Possible reasons:
#   The system is out of physical RAM or swap space
#   The process is running with CompressedOops enabled, and the Java Heap may be blocking the growth of the native heap
# Possible solutions:
#   Reduce memory load on the system
#   Increase physical memory or swap space
#   Check if swap backing store is full
#   Decrease Java heap size (-Xmx/-Xms)
#   Decrease number of Java threads
#   Decrease Java thread stack sizes (-Xss)
#   Set larger code cache with -XX:ReservedCodeCacheSize=
#   JVM is running with Zero Based Compressed Oops mode in which the Java heap is
#     placed in the first 32GB address space. The Java Heap base address is the
#     maximum limit for the native heap growth. Please use -XX:HeapBaseMinAddress
#     to set the Java Heap base and to place the Java Heap above 32GB virtual address.
# This output file may be truncated or incomplete.
#
#  Out of Memory Error (./open/src/hotspot/share/memory/arena.cpp:197), pid=13544, tid=17960
#
# JRE version: Java(TM) SE Runtime Environment 18.9 (11.0.15+8) (build 11.0.15+8-LTS-149)
# Java VM: Java HotSpot(TM) 64-Bit Server VM 18.9 (11.0.15+8-LTS-149, mixed mode, tiered, compressed oops, g1 gc, windows-amd64)
# No core dump will be written. Minidumps are not enabled by default on client versions of Windows
#

---------------  S U M M A R Y ------------

Command Line: -javaagent:C:\Program Files\JetBrains\IntelliJ IDEA Community Edition 2022.2.2\lib\idea_rt.jar=52152:C:\Program Files\JetBrains\IntelliJ IDEA Community Edition 2022.2.2\bin -Dfile.encoding=UTF-8 com.user.app.SmartcontactmanagerApplication

Host: Intel(R) Core(TM) i7-6600U CPU @ 2.60GHz, 4 cores, 15G,  Windows 10 , 64 bit Build 19041 (10.0.19041.2251)
Time: Tue Dec  6 15:30:20 2022 India Standard Time elapsed time: 39.226612 seconds (0d 0h 0m 39s)

---------------  T H R E A D  ---------------

Current thread (0x00000272a9a69000):  JavaThread "C2 CompilerThread1" daemon [_thread_in_native, id=17960, stack(0x000000b8d1600000,0x000000b8d1700000)]


Current CompileTask:
C2:  39226 5822   !   4       jdk.internal.loader.BuiltinClassLoader::findClassOnClassPathOrNull (64 bytes)

Stack: [0x000000b8d1600000,0x000000b8d1700000]
Native frames: (J=compiled Java code, j=interpreted, Vv=VM code, C=native code)
V  [jvm.dll+0x629d8a]
V  [jvm.dll+0x7638ff]
V  [jvm.dll+0x764fa9]
V  [jvm.dll+0x765633]
V  [jvm.dll+0x23d9c8]
V  [jvm.dll+0xb2a1c]
V  [jvm.dll+0xb2fdc]
V  [jvm.dll+0x341047]
V  [jvm.dll+0x18cb19]
V  [jvm.dll+0x1f8672]
V  [jvm.dll+0x1f774d]
V  [jvm.dll+0x177c51]
V  [jvm.dll+0x207026]
V  [jvm.dll+0x2051bb]
V  [jvm.dll+0x729820]
V  [jvm.dll+0x7223f4]
V  [jvm.dll+0x628c26]
C  [ucrtbase.dll+0x21bb2]
C  [KERNEL32.DLL+0x174b4]
C  [ntdll.dll+0x526a1]


---------------  P R O C E S S  ---------------

Threads class SMR info:
_java_thread_list=0x00000272a3b38330, length=31, elements={
0x00000272a2a1c800, 0x00000272a2a28800, 0x00000272a32f9800, 0x00000272a32fa800,
0x00000272a32fd000, 0x00000272a3303000, 0x00000272a3304800, 0x00000272a3377800,
0x00000272a29b5000, 0x00000272a38c3800, 0x00000272a66b1000, 0x00000272a4baa000,
0x00000272a6255800, 0x00000272a669e800, 0x00000272a965a000, 0x00000272a8465000,
0x00000272a8463800, 0x00000272a8466000, 0x00000272aaa54000, 0x00000272aaa56000,
0x00000272aaa59000, 0x00000272aaa56800, 0x00000272aaa55000, 0x00000272aaa57800,
0x00000272aaa58800, 0x00000272aaa53800, 0x00000272aaa5a800, 0x00000272aaa5f000,
0x00000272aaa5a000, 0x00000272aaa61000, 0x00000272a9a69000
}

Java Threads: ( => current thread )
  0x00000272a2a1c800 JavaThread "Reference Handler" daemon [_thread_blocked, id=9392, stack(0x000000b8d0600000,0x000000b8d0700000)]
  0x00000272a2a28800 JavaThread "Finalizer" daemon [_thread_blocked, id=1892, stack(0x000000b8d0700000,0x000000b8d0800000)]
  0x00000272a32f9800 JavaThread "Signal Dispatcher" daemon [_thread_blocked, id=15632, stack(0x000000b8d0800000,0x000000b8d0900000)]
  0x00000272a32fa800 JavaThread "Attach Listener" daemon [_thread_blocked, id=13768, stack(0x000000b8d0900000,0x000000b8d0a00000)]
  0x00000272a32fd000 JavaThread "Service Thread" daemon [_thread_blocked, id=1348, stack(0x000000b8d0a00000,0x000000b8d0b00000)]
  0x00000272a3303000 JavaThread "C2 CompilerThread0" daemon [_thread_in_native, id=3392, stack(0x000000b8d0b00000,0x000000b8d0c00000)]
  0x00000272a3304800 JavaThread "C1 CompilerThread0" daemon [_thread_blocked, id=5600, stack(0x000000b8d0c00000,0x000000b8d0d00000)]
  0x00000272a3377800 JavaThread "Sweeper thread" daemon [_thread_blocked, id=1200, stack(0x000000b8d0d00000,0x000000b8d0e00000)]
  0x00000272a29b5000 JavaThread "Common-Cleaner" daemon [_thread_blocked, id=13424, stack(0x000000b8d0e00000,0x000000b8d0f00000)]
  0x00000272a38c3800 JavaThread "Monitor Ctrl-Break" daemon [_thread_in_native, id=7712, stack(0x000000b8d1000000,0x000000b8d1100000)]
  0x00000272a66b1000 JavaThread "Catalina-utility-1" [_thread_blocked, id=14020, stack(0x000000b8d1700000,0x000000b8d1800000)]
  0x00000272a4baa000 JavaThread "Catalina-utility-2" [_thread_blocked, id=9756, stack(0x000000b8d1800000,0x000000b8d1900000)]
  0x00000272a6255800 JavaThread "container-0" [_thread_blocked, id=17368, stack(0x000000b8d1900000,0x000000b8d1a00000)]
  0x00000272a669e800 JavaThread "mysql-cj-abandoned-connection-cleanup" daemon [_thread_blocked, id=5816, stack(0x000000b8d1a00000,0x000000b8d1b00000)]
  0x00000272a965a000 JavaThread "HikariPool-1 housekeeper" daemon [_thread_blocked, id=6196, stack(0x000000b8d1c00000,0x000000b8d1d00000)]
  0x00000272a8465000 JavaThread "File Watcher" daemon [_thread_blocked, id=1324, stack(0x000000b8d1e00000,0x000000b8d1f00000)]
  0x00000272a8463800 JavaThread "Live Reload Server" daemon [_thread_in_native, id=17940, stack(0x000000b8d2000000,0x000000b8d2100000)]
  0x00000272a8466000 JavaThread "http-nio-2000-exec-1" daemon [_thread_blocked, id=8956, stack(0x000000b8d1f00000,0x000000b8d2000000)]
  0x00000272aaa54000 JavaThread "http-nio-2000-exec-2" daemon [_thread_blocked, id=11488, stack(0x000000b8d2100000,0x000000b8d2200000)]
  0x00000272aaa56000 JavaThread "http-nio-2000-exec-3" daemon [_thread_blocked, id=14032, stack(0x000000b8d2200000,0x000000b8d2300000)]
  0x00000272aaa59000 JavaThread "http-nio-2000-exec-4" daemon [_thread_in_vm, id=3464, stack(0x000000b8d2300000,0x000000b8d2400000)]
  0x00000272aaa56800 JavaThread "http-nio-2000-exec-5" daemon [_thread_blocked, id=14108, stack(0x000000b8d2400000,0x000000b8d2500000)]
  0x00000272aaa55000 JavaThread "http-nio-2000-exec-6" daemon [_thread_blocked, id=16012, stack(0x000000b8d2500000,0x000000b8d2600000)]
  0x00000272aaa57800 JavaThread "http-nio-2000-exec-7" daemon [_thread_blocked, id=13320, stack(0x000000b8d2600000,0x000000b8d2700000)]
  0x00000272aaa58800 JavaThread "http-nio-2000-exec-8" daemon [_thread_blocked, id=17920, stack(0x000000b8d2700000,0x000000b8d2800000)]
  0x00000272aaa53800 JavaThread "http-nio-2000-exec-9" daemon [_thread_blocked, id=992, stack(0x000000b8d2800000,0x000000b8d2900000)]
  0x00000272aaa5a800 JavaThread "http-nio-2000-exec-10" daemon [_thread_blocked, id=11288, stack(0x000000b8d2900000,0x000000b8d2a00000)]
  0x00000272aaa5f000 JavaThread "http-nio-2000-Poller" daemon [_thread_in_native, id=3872, stack(0x000000b8d2a00000,0x000000b8d2b00000)]
  0x00000272aaa5a000 JavaThread "http-nio-2000-Acceptor" daemon [_thread_in_native, id=5500, stack(0x000000b8d2b00000,0x000000b8d2c00000)]
  0x00000272aaa61000 JavaThread "DestroyJavaVM" [_thread_blocked, id=3416, stack(0x000000b8cff00000,0x000000b8d0000000)]
=>0x00000272a9a69000 JavaThread "C2 CompilerThread1" daemon [_thread_in_native, id=17960, stack(0x000000b8d1600000,0x000000b8d1700000)]

Other Threads:
  0x00000272a29fa000 VMThread "VM Thread" [stack: 0x000000b8d0500000,0x000000b8d0600000] [id=736]
  0x00000272a35fc800 WatcherThread [stack: 0x000000b8d1100000,0x000000b8d1200000] [id=15908]
  0x00000272f8f5a000 GCTaskThread "GC Thread#0" [stack: 0x000000b8d0000000,0x000000b8d0100000] [id=17612]
  0x00000272a3dcf000 GCTaskThread "GC Thread#1" [stack: 0x000000b8d1300000,0x000000b8d1400000] [id=18380]
  0x00000272a3dd8000 GCTaskThread "GC Thread#2" [stack: 0x000000b8d1400000,0x000000b8d1500000] [id=18104]
  0x00000272a4237800 GCTaskThread "GC Thread#3" [stack: 0x000000b8d1500000,0x000000b8d1600000] [id=17136]
  0x00000272f8fb4800 ConcurrentGCThread "G1 Main Marker" [stack: 0x000000b8d0100000,0x000000b8d0200000] [id=14828]
  0x00000272f8fb7000 ConcurrentGCThread "G1 Conc#0" [stack: 0x000000b8d0200000,0x000000b8d0300000] [id=17624]
  0x00000272a28d4800 ConcurrentGCThread "G1 Refine#0" [stack: 0x000000b8d0300000,0x000000b8d0400000] [id=14548]
  0x00000272a28d5800 ConcurrentGCThread "G1 Young RemSet Sampling" [stack: 0x000000b8d0400000,0x000000b8d0500000] [id=3140]

Threads with active compile tasks:
C2 CompilerThread0  39283 5976       4       jdk.internal.loader.BuiltinClassLoader::isSealed (70 bytes)
C2 CompilerThread1  39283 5822   !   4       jdk.internal.loader.BuiltinClassLoader::findClassOnClassPathOrNull (64 bytes)

VM state:not at safepoint (normal execution)

VM Mutex/Monitor currently owned by a thread:  ([mutex/lock_event])
[0x00000272f8f3d920] CodeCache_lock - owner thread: 0x00000272a3303000
[0x00000272f8f3fe00] Compile_lock - owner thread: 0x00000272a3303000

Heap address: 0x0000000701a00000, size: 4070 MB, Compressed Oops mode: Zero based, Oop shift amount: 3
Narrow klass base: 0x0000000800000000, Narrow klass shift: 0
Compressed class space size: 1073741824 Address: 0x0000000800000000

Heap:
 garbage-first heap   total 315392K, used 176321K [0x0000000701a00000, 0x0000000800000000)
  region size 1024K, 163 young (166912K), 13 survivors (13312K)
 Metaspace       used 76564K, capacity 78582K, committed 78668K, reserved 1118208K
  class space    used 9947K, capacity 10742K, committed 10828K, reserved 1048576K
Heap Regions: E=young(eden), S=young(survivor), O=old, HS=humongous(starts), HC=humongous(continues), CS=collection set, F=free, A=archive, TAMS=top-at-mark-start (previous, next)
|   0|0x0000000701a00000, 0x0000000701b00000, 0x0000000701b00000|100%|HS|  |TAMS 0x0000000701b00000, 0x0000000701a00000| Complete 
|   1|0x0000000701b00000, 0x0000000701c00000, 0x0000000701c00000|100%| O|  |TAMS 0x0000000701c00000, 0x0000000701b00000| Untracked 
|   2|0x0000000701c00000, 0x0000000701d00000, 0x0000000701d00000|100%| O|  |TAMS 0x0000000701d00000, 0x0000000701c00000| Untracked 
|   3|0x0000000701d00000, 0x0000000701e00000, 0x0000000701e00000|100%| O|  |TAMS 0x0000000701e00000, 0x0000000701d00000| Untracked 
|   4|0x0000000701e00000, 0x0000000701f00000, 0x0000000701f00000|100%| O|  |TAMS 0x0000000701f00000, 0x0000000701e00000| Untracked 
|   5|0x0000000701f00000, 0x0000000702000000, 0x0000000702000000|100%| O|  |TAMS 0x0000000702000000, 0x0000000701f00000| Untracked 
|   6|0x0000000702000000, 0x0000000702100000, 0x0000000702100000|100%| O|  |TAMS 0x0000000702100000, 0x0000000702000000| Untracked 
|   7|0x0000000702100000, 0x0000000702200000, 0x0000000702200000|100%| O|  |TAMS 0x0000000702200000, 0x0000000702100000| Untracked 
|   8|0x0000000702200000, 0x0000000702300000, 0x0000000702300000|100%| O|  |TAMS 0x0000000702300000, 0x0000000702200000| Untracked 
|   9|0x0000000702300000, 0x0000000702400000, 0x0000000702400000|100%| O|  |TAMS 0x0000000702400000, 0x0000000702300000| Untracked 
|  10|0x0000000702400000, 0x00000007024b0400, 0x0000000702500000| 68%| O|  |TAMS 0x00000007024b0400, 0x0000000702400000| Untracked 
|  11|0x0000000702500000, 0x0000000702500000, 0x0000000702600000|  0%| F|  |TAMS 0x0000000702500000, 0x0000000702500000| Untracked 
|  12|0x0000000702600000, 0x0000000702600000, 0x0000000702700000|  0%| F|  |TAMS 0x0000000702600000, 0x0000000702600000| Untracked 
|  13|0x0000000702700000, 0x0000000702700000, 0x0000000702800000|  0%| F|  |TAMS 0x0000000702700000, 0x0000000702700000| Untracked 
|  14|0x0000000702800000, 0x0000000702800000, 0x0000000702900000|  0%| F|  |TAMS 0x0000000702800000, 0x0000000702800000| Untracked 
|  15|0x0000000702900000, 0x0000000702900000, 0x0000000702a00000|  0%| F|  |TAMS 0x0000000702900000, 0x0000000702900000| Untracked 
|  16|0x0000000702a00000, 0x0000000702a00000, 0x0000000702b00000|  0%| F|  |TAMS 0x0000000702a00000, 0x0000000702a00000| Untracked 
|  17|0x0000000702b00000, 0x0000000702b00000, 0x0000000702c00000|  0%| F|  |TAMS 0x0000000702b00000, 0x0000000702b00000| Untracked 
|  18|0x0000000702c00000, 0x0000000702c00000, 0x0000000702d00000|  0%| F|  |TAMS 0x0000000702c00000, 0x0000000702c00000| Untracked 
|  19|0x0000000702d00000, 0x0000000702d00000, 0x0000000702e00000|  0%| F|  |TAMS 0x0000000702d00000, 0x0000000702d00000| Untracked 
|  20|0x0000000702e00000, 0x0000000702e00000, 0x0000000702f00000|  0%| F|  |TAMS 0x0000000702e00000, 0x0000000702e00000| Untracked 
|  21|0x0000000702f00000, 0x0000000702f00000, 0x0000000703000000|  0%| F|  |TAMS 0x0000000702f00000, 0x0000000702f00000| Untracked 
|  22|0x0000000703000000, 0x0000000703000000, 0x0000000703100000|  0%| F|  |TAMS 0x0000000703000000, 0x0000000703000000| Untracked 
|  23|0x0000000703100000, 0x0000000703100000, 0x0000000703200000|  0%| F|  |TAMS 0x0000000703100000, 0x0000000703100000| Untracked 
|  24|0x0000000703200000, 0x0000000703200000, 0x0000000703300000|  0%| F|  |TAMS 0x0000000703200000, 0x0000000703200000| Untracked 
|  25|0x0000000703300000, 0x0000000703300000, 0x0000000703400000|  0%| F|  |TAMS 0x0000000703300000, 0x0000000703300000| Untracked 
|  26|0x0000000703400000, 0x0000000703400000, 0x0000000703500000|  0%| F|  |TAMS 0x0000000703400000, 0x0000000703400000| Untracked 
|  27|0x0000000703500000, 0x0000000703500000, 0x0000000703600000|  0%| F|  |TAMS 0x0000000703500000, 0x0000000703500000| Untracked 
|  28|0x0000000703600000, 0x0000000703600000, 0x0000000703700000|  0%| F|  |TAMS 0x0000000703600000, 0x0000000703600000| Untracked 
|  29|0x0000000703700000, 0x0000000703700000, 0x0000000703800000|  0%| F|  |TAMS 0x0000000703700000, 0x0000000703700000| Untracked 
|  30|0x0000000703800000, 0x0000000703800000, 0x0000000703900000|  0%| F|  |TAMS 0x0000000703800000, 0x0000000703800000| Untracked 
|  31|0x0000000703900000, 0x0000000703900000, 0x0000000703a00000|  0%| F|  |TAMS 0x0000000703900000, 0x0000000703900000| Untracked 
|  32|0x0000000703a00000, 0x0000000703a00000, 0x0000000703b00000|  0%| F|  |TAMS 0x0000000703a00000, 0x0000000703a00000| Untracked 
|  33|0x0000000703b00000, 0x0000000703b00000, 0x0000000703c00000|  0%| F|  |TAMS 0x0000000703b00000, 0x0000000703b00000| Untracked 
|  34|0x0000000703c00000, 0x0000000703c00000, 0x0000000703d00000|  0%| F|  |TAMS 0x0000000703c00000, 0x0000000703c00000| Untracked 
|  35|0x0000000703d00000, 0x0000000703d00000, 0x0000000703e00000|  0%| F|  |TAMS 0x0000000703d00000, 0x0000000703d00000| Untracked 
|  36|0x0000000703e00000, 0x0000000703e00000, 0x0000000703f00000|  0%| F|  |TAMS 0x0000000703e00000, 0x0000000703e00000| Untracked 
|  37|0x0000000703f00000, 0x0000000703f00000, 0x0000000704000000|  0%| F|  |TAMS 0x0000000703f00000, 0x0000000703f00000| Untracked 
|  38|0x0000000704000000, 0x0000000704000000, 0x0000000704100000|  0%| F|  |TAMS 0x0000000704000000, 0x0000000704000000| Untracked 
|  39|0x0000000704100000, 0x0000000704100000, 0x0000000704200000|  0%| F|  |TAMS 0x0000000704100000, 0x0000000704100000| Untracked 
|  40|0x0000000704200000, 0x0000000704200000, 0x0000000704300000|  0%| F|  |TAMS 0x0000000704200000, 0x0000000704200000| Untracked 
|  41|0x0000000704300000, 0x0000000704300000, 0x0000000704400000|  0%| F|  |TAMS 0x0000000704300000, 0x0000000704300000| Untracked 
|  42|0x0000000704400000, 0x0000000704400000, 0x0000000704500000|  0%| F|  |TAMS 0x0000000704400000, 0x0000000704400000| Untracked 
|  43|0x0000000704500000, 0x0000000704500000, 0x0000000704600000|  0%| F|  |TAMS 0x0000000704500000, 0x0000000704500000| Untracked 
|  44|0x0000000704600000, 0x0000000704600000, 0x0000000704700000|  0%| F|  |TAMS 0x0000000704600000, 0x0000000704600000| Untracked 
|  45|0x0000000704700000, 0x0000000704700000, 0x0000000704800000|  0%| F|  |TAMS 0x0000000704700000, 0x0000000704700000| Untracked 
|  46|0x0000000704800000, 0x0000000704800000, 0x0000000704900000|  0%| F|  |TAMS 0x0000000704800000, 0x0000000704800000| Untracked 
|  47|0x0000000704900000, 0x0000000704900000, 0x0000000704a00000|  0%| F|  |TAMS 0x0000000704900000, 0x0000000704900000| Untracked 
|  48|0x0000000704a00000, 0x0000000704a00000, 0x0000000704b00000|  0%| F|  |TAMS 0x0000000704a00000, 0x0000000704a00000| Untracked 
|  49|0x0000000704b00000, 0x0000000704b00000, 0x0000000704c00000|  0%| F|  |TAMS 0x0000000704b00000, 0x0000000704b00000| Untracked 
|  50|0x0000000704c00000, 0x0000000704c00000, 0x0000000704d00000|  0%| F|  |TAMS 0x0000000704c00000, 0x0000000704c00000| Untracked 
|  51|0x0000000704d00000, 0x0000000704d00000, 0x0000000704e00000|  0%| F|  |TAMS 0x0000000704d00000, 0x0000000704d00000| Untracked 
|  52|0x0000000704e00000, 0x0000000704e00000, 0x0000000704f00000|  0%| F|  |TAMS 0x0000000704e00000, 0x0000000704e00000| Untracked 
|  53|0x0000000704f00000, 0x0000000704f00000, 0x0000000705000000|  0%| F|  |TAMS 0x0000000704f00000, 0x0000000704f00000| Untracked 
|  54|0x0000000705000000, 0x0000000705000000, 0x0000000705100000|  0%| F|  |TAMS 0x0000000705000000, 0x0000000705000000| Untracked 
|  55|0x0000000705100000, 0x0000000705100000, 0x0000000705200000|  0%| F|  |TAMS 0x0000000705100000, 0x0000000705100000| Untracked 
|  56|0x0000000705200000, 0x0000000705200000, 0x0000000705300000|  0%| F|  |TAMS 0x0000000705200000, 0x0000000705200000| Untracked 
|  57|0x0000000705300000, 0x0000000705300000, 0x0000000705400000|  0%| F|  |TAMS 0x0000000705300000, 0x0000000705300000| Untracked 
|  58|0x0000000705400000, 0x0000000705400000, 0x0000000705500000|  0%| F|  |TAMS 0x0000000705400000, 0x0000000705400000| Untracked 
|  59|0x0000000705500000, 0x0000000705500000, 0x0000000705600000|  0%| F|  |TAMS 0x0000000705500000, 0x0000000705500000| Untracked 
|  60|0x0000000705600000, 0x0000000705600000, 0x0000000705700000|  0%| F|  |TAMS 0x0000000705600000, 0x0000000705600000| Untracked 
|  61|0x0000000705700000, 0x0000000705700000, 0x0000000705800000|  0%| F|  |TAMS 0x0000000705700000, 0x0000000705700000| Untracked 
|  62|0x0000000705800000, 0x0000000705800000, 0x0000000705900000|  0%| F|  |TAMS 0x0000000705800000, 0x0000000705800000| Untracked 
|  63|0x0000000705900000, 0x0000000705900000, 0x0000000705a00000|  0%| F|  |TAMS 0x0000000705900000, 0x0000000705900000| Untracked 
|  64|0x0000000705a00000, 0x0000000705a00000, 0x0000000705b00000|  0%| F|  |TAMS 0x0000000705a00000, 0x0000000705a00000| Untracked 
|  65|0x0000000705b00000, 0x0000000705b00000, 0x0000000705c00000|  0%| F|  |TAMS 0x0000000705b00000, 0x0000000705b00000| Untracked 
|  66|0x0000000705c00000, 0x0000000705c00000, 0x0000000705d00000|  0%| F|  |TAMS 0x0000000705c00000, 0x0000000705c00000| Untracked 
|  67|0x0000000705d00000, 0x0000000705d00000, 0x0000000705e00000|  0%| F|  |TAMS 0x0000000705d00000, 0x0000000705d00000| Untracked 
|  68|0x0000000705e00000, 0x0000000705e00000, 0x0000000705f00000|  0%| F|  |TAMS 0x0000000705e00000, 0x0000000705e00000| Untracked 
|  69|0x0000000705f00000, 0x0000000705f00000, 0x0000000706000000|  0%| F|  |TAMS 0x0000000705f00000, 0x0000000705f00000| Untracked 
|  70|0x0000000706000000, 0x0000000706000000, 0x0000000706100000|  0%| F|  |TAMS 0x0000000706000000, 0x0000000706000000| Untracked 
|  71|0x0000000706100000, 0x0000000706100000, 0x0000000706200000|  0%| F|  |TAMS 0x0000000706100000, 0x0000000706100000| Untracked 
|  72|0x0000000706200000, 0x0000000706200000, 0x0000000706300000|  0%| F|  |TAMS 0x0000000706200000, 0x0000000706200000| Untracked 
|  73|0x0000000706300000, 0x0000000706300000, 0x0000000706400000|  0%| F|  |TAMS 0x0000000706300000, 0x0000000706300000| Untracked 
|  74|0x0000000706400000, 0x0000000706400000, 0x0000000706500000|  0%| F|  |TAMS 0x0000000706400000, 0x0000000706400000| Untracked 
|  75|0x0000000706500000, 0x0000000706500000, 0x0000000706600000|  0%| F|  |TAMS 0x0000000706500000, 0x0000000706500000| Untracked 
|  76|0x0000000706600000, 0x0000000706600000, 0x0000000706700000|  0%| F|  |TAMS 0x0000000706600000, 0x0000000706600000| Untracked 
|  77|0x0000000706700000, 0x0000000706700000, 0x0000000706800000|  0%| F|  |TAMS 0x0000000706700000, 0x0000000706700000| Untracked 
|  78|0x0000000706800000, 0x0000000706800000, 0x0000000706900000|  0%| F|  |TAMS 0x0000000706800000, 0x0000000706800000| Untracked 
|  79|0x0000000706900000, 0x0000000706900000, 0x0000000706a00000|  0%| F|  |TAMS 0x0000000706900000, 0x0000000706900000| Untracked 
|  80|0x0000000706a00000, 0x0000000706a00000, 0x0000000706b00000|  0%| F|  |TAMS 0x0000000706a00000, 0x0000000706a00000| Untracked 
|  81|0x0000000706b00000, 0x0000000706b00000, 0x0000000706c00000|  0%| F|  |TAMS 0x0000000706b00000, 0x0000000706b00000| Untracked 
|  82|0x0000000706c00000, 0x0000000706c00000, 0x0000000706d00000|  0%| F|  |TAMS 0x0000000706c00000, 0x0000000706c00000| Untracked 
|  83|0x0000000706d00000, 0x0000000706d00000, 0x0000000706e00000|  0%| F|  |TAMS 0x0000000706d00000, 0x0000000706d00000| Untracked 
|  84|0x0000000706e00000, 0x0000000706e00000, 0x0000000706f00000|  0%| F|  |TAMS 0x0000000706e00000, 0x0000000706e00000| Untracked 
|  85|0x0000000706f00000, 0x0000000706f00000, 0x0000000707000000|  0%| F|  |TAMS 0x0000000706f00000, 0x0000000706f00000| Untracked 
|  86|0x0000000707000000, 0x0000000707000000, 0x0000000707100000|  0%| F|  |TAMS 0x0000000707000000, 0x0000000707000000| Untracked 
|  87|0x0000000707100000, 0x0000000707100000, 0x0000000707200000|  0%| F|  |TAMS 0x0000000707100000, 0x0000000707100000| Untracked 
|  88|0x0000000707200000, 0x0000000707200000, 0x0000000707300000|  0%| F|  |TAMS 0x0000000707200000, 0x0000000707200000| Untracked 
|  89|0x0000000707300000, 0x0000000707300000, 0x0000000707400000|  0%| F|  |TAMS 0x0000000707300000, 0x0000000707300000| Untracked 
|  90|0x0000000707400000, 0x0000000707400000, 0x0000000707500000|  0%| F|  |TAMS 0x0000000707400000, 0x0000000707400000| Untracked 
|  91|0x0000000707500000, 0x0000000707500000, 0x0000000707600000|  0%| F|  |TAMS 0x0000000707500000, 0x0000000707500000| Untracked 
|  92|0x0000000707600000, 0x0000000707600000, 0x0000000707700000|  0%| F|  |TAMS 0x0000000707600000, 0x0000000707600000| Untracked 
|  93|0x0000000707700000, 0x0000000707700000, 0x0000000707800000|  0%| F|  |TAMS 0x0000000707700000, 0x0000000707700000| Untracked 
|  94|0x0000000707800000, 0x0000000707800000, 0x0000000707900000|  0%| F|  |TAMS 0x0000000707800000, 0x0000000707800000| Untracked 
|  95|0x0000000707900000, 0x0000000707900000, 0x0000000707a00000|  0%| F|  |TAMS 0x0000000707900000, 0x0000000707900000| Untracked 
|  96|0x0000000707a00000, 0x0000000707a00000, 0x0000000707b00000|  0%| F|  |TAMS 0x0000000707a00000, 0x0000000707a00000| Untracked 
|  97|0x0000000707b00000, 0x0000000707b00000, 0x0000000707c00000|  0%| F|  |TAMS 0x0000000707b00000, 0x0000000707b00000| Untracked 
|  98|0x0000000707c00000, 0x0000000707c00000, 0x0000000707d00000|  0%| F|  |TAMS 0x0000000707c00000, 0x0000000707c00000| Untracked 
|  99|0x0000000707d00000, 0x0000000707d00000, 0x0000000707e00000|  0%| F|  |TAMS 0x0000000707d00000, 0x0000000707d00000| Untracked 
| 100|0x0000000707e00000, 0x0000000707e00000, 0x0000000707f00000|  0%| F|  |TAMS 0x0000000707e00000, 0x0000000707e00000| Untracked 
| 101|0x0000000707f00000, 0x0000000707f00000, 0x0000000708000000|  0%| F|  |TAMS 0x0000000707f00000, 0x0000000707f00000| Untracked 
| 102|0x0000000708000000, 0x0000000708000000, 0x0000000708100000|  0%| F|  |TAMS 0x0000000708000000, 0x0000000708000000| Untracked 
| 103|0x0000000708100000, 0x0000000708100000, 0x0000000708200000|  0%| F|  |TAMS 0x0000000708100000, 0x0000000708100000| Untracked 
| 104|0x0000000708200000, 0x0000000708200000, 0x0000000708300000|  0%| F|  |TAMS 0x0000000708200000, 0x0000000708200000| Untracked 
| 105|0x0000000708300000, 0x0000000708300000, 0x0000000708400000|  0%| F|  |TAMS 0x0000000708300000, 0x0000000708300000| Untracked 
| 106|0x0000000708400000, 0x0000000708400000, 0x0000000708500000|  0%| F|  |TAMS 0x0000000708400000, 0x0000000708400000| Untracked 
| 107|0x0000000708500000, 0x0000000708500000, 0x0000000708600000|  0%| F|  |TAMS 0x0000000708500000, 0x0000000708500000| Untracked 
| 108|0x0000000708600000, 0x0000000708600000, 0x0000000708700000|  0%| F|  |TAMS 0x0000000708600000, 0x0000000708600000| Untracked 
| 109|0x0000000708700000, 0x0000000708700000, 0x0000000708800000|  0%| F|  |TAMS 0x0000000708700000, 0x0000000708700000| Untracked 
| 110|0x0000000708800000, 0x0000000708800000, 0x0000000708900000|  0%| F|  |TAMS 0x0000000708800000, 0x0000000708800000| Untracked 
| 111|0x0000000708900000, 0x0000000708900000, 0x0000000708a00000|  0%| F|  |TAMS 0x0000000708900000, 0x0000000708900000| Untracked 
| 112|0x0000000708a00000, 0x0000000708a00000, 0x0000000708b00000|  0%| F|  |TAMS 0x0000000708a00000, 0x0000000708a00000| Untracked 
| 113|0x0000000708b00000, 0x0000000708b00000, 0x0000000708c00000|  0%| F|  |TAMS 0x0000000708b00000, 0x0000000708b00000| Untracked 
| 114|0x0000000708c00000, 0x0000000708c00000, 0x0000000708d00000|  0%| F|  |TAMS 0x0000000708c00000, 0x0000000708c00000| Untracked 
| 115|0x0000000708d00000, 0x0000000708d00000, 0x0000000708e00000|  0%| F|  |TAMS 0x0000000708d00000, 0x0000000708d00000| Untracked 
| 116|0x0000000708e00000, 0x0000000708e00000, 0x0000000708f00000|  0%| F|  |TAMS 0x0000000708e00000, 0x0000000708e00000| Untracked 
| 117|0x0000000708f00000, 0x0000000708f00000, 0x0000000709000000|  0%| F|  |TAMS 0x0000000708f00000, 0x0000000708f00000| Untracked 
| 118|0x0000000709000000, 0x0000000709000000, 0x0000000709100000|  0%| F|  |TAMS 0x0000000709000000, 0x0000000709000000| Untracked 
| 119|0x0000000709100000, 0x0000000709100000, 0x0000000709200000|  0%| F|  |TAMS 0x0000000709100000, 0x0000000709100000| Untracked 
| 120|0x0000000709200000, 0x0000000709200000, 0x0000000709300000|  0%| F|  |TAMS 0x0000000709200000, 0x0000000709200000| Untracked 
| 121|0x0000000709300000, 0x0000000709300000, 0x0000000709400000|  0%| F|  |TAMS 0x0000000709300000, 0x0000000709300000| Untracked 
| 122|0x0000000709400000, 0x0000000709400000, 0x0000000709500000|  0%| F|  |TAMS 0x0000000709400000, 0x0000000709400000| Untracked 
| 123|0x0000000709500000, 0x0000000709500000, 0x0000000709600000|  0%| F|  |TAMS 0x0000000709500000, 0x0000000709500000| Untracked 
| 124|0x0000000709600000, 0x0000000709600000, 0x0000000709700000|  0%| F|  |TAMS 0x0000000709600000, 0x0000000709600000| Untracked 
| 125|0x0000000709700000, 0x0000000709700000, 0x0000000709800000|  0%| F|  |TAMS 0x0000000709700000, 0x0000000709700000| Untracked 
| 126|0x0000000709800000, 0x0000000709800000, 0x0000000709900000|  0%| F|  |TAMS 0x0000000709800000, 0x0000000709800000| Untracked 
| 127|0x0000000709900000, 0x0000000709900000, 0x0000000709a00000|  0%| F|  |TAMS 0x0000000709900000, 0x0000000709900000| Untracked 
| 128|0x0000000709a00000, 0x0000000709a00000, 0x0000000709b00000|  0%| F|  |TAMS 0x0000000709a00000, 0x0000000709a00000| Untracked 
| 129|0x0000000709b00000, 0x0000000709b00000, 0x0000000709c00000|  0%| F|  |TAMS 0x0000000709b00000, 0x0000000709b00000| Untracked 
| 130|0x0000000709c00000, 0x0000000709c00000, 0x0000000709d00000|  0%| F|  |TAMS 0x0000000709c00000, 0x0000000709c00000| Untracked 
| 131|0x0000000709d00000, 0x0000000709d00000, 0x0000000709e00000|  0%| F|  |TAMS 0x0000000709d00000, 0x0000000709d00000| Untracked 
| 132|0x0000000709e00000, 0x0000000709e00000, 0x0000000709f00000|  0%| F|  |TAMS 0x0000000709e00000, 0x0000000709e00000| Untracked 
| 133|0x0000000709f00000, 0x0000000709f00000, 0x000000070a000000|  0%| F|  |TAMS 0x0000000709f00000, 0x0000000709f00000| Untracked 
| 134|0x000000070a000000, 0x000000070a000000, 0x000000070a100000|  0%| F|  |TAMS 0x000000070a000000, 0x000000070a000000| Untracked 
| 135|0x000000070a100000, 0x000000070a100000, 0x000000070a200000|  0%| F|  |TAMS 0x000000070a100000, 0x000000070a100000| Untracked 
| 136|0x000000070a200000, 0x000000070a200000, 0x000000070a300000|  0%| F|  |TAMS 0x000000070a200000, 0x000000070a200000| Untracked 
| 137|0x000000070a300000, 0x000000070a300000, 0x000000070a400000|  0%| F|  |TAMS 0x000000070a300000, 0x000000070a300000| Untracked 
| 138|0x000000070a400000, 0x000000070a400000, 0x000000070a500000|  0%| F|  |TAMS 0x000000070a400000, 0x000000070a400000| Untracked 
| 139|0x000000070a500000, 0x000000070a500000, 0x000000070a600000|  0%| F|  |TAMS 0x000000070a500000, 0x000000070a500000| Untracked 
| 140|0x000000070a600000, 0x000000070a600000, 0x000000070a700000|  0%| F|  |TAMS 0x000000070a600000, 0x000000070a600000| Untracked 
| 141|0x000000070a700000, 0x000000070a700000, 0x000000070a800000|  0%| F|  |TAMS 0x000000070a700000, 0x000000070a700000| Untracked 
| 142|0x000000070a800000, 0x000000070a800000, 0x000000070a900000|  0%| F|  |TAMS 0x000000070a800000, 0x000000070a800000| Untracked 
| 143|0x000000070a900000, 0x000000070a900000, 0x000000070aa00000|  0%| F|  |TAMS 0x000000070a900000, 0x000000070a900000| Untracked 
| 144|0x000000070aa00000, 0x000000070aa00000, 0x000000070ab00000|  0%| F|  |TAMS 0x000000070aa00000, 0x000000070aa00000| Untracked 
| 145|0x000000070ab00000, 0x000000070ab80800, 0x000000070ac00000| 50%| E|  |TAMS 0x000000070ab00000, 0x000000070ab00000| Complete 
| 146|0x000000070ac00000, 0x000000070ad00000, 0x000000070ad00000|100%| E|CS|TAMS 0x000000070ac00000, 0x000000070ac00000| Complete 
| 147|0x000000070ad00000, 0x000000070ae00000, 0x000000070ae00000|100%| E|CS|TAMS 0x000000070ad00000, 0x000000070ad00000| Complete 
| 148|0x000000070ae00000, 0x000000070af00000, 0x000000070af00000|100%| E|CS|TAMS 0x000000070ae00000, 0x000000070ae00000| Complete 
| 149|0x000000070af00000, 0x000000070b000000, 0x000000070b000000|100%| E|CS|TAMS 0x000000070af00000, 0x000000070af00000| Complete 
| 150|0x000000070b000000, 0x000000070b100000, 0x000000070b100000|100%| E|CS|TAMS 0x000000070b000000, 0x000000070b000000| Complete 
| 151|0x000000070b100000, 0x000000070b200000, 0x000000070b200000|100%| E|CS|TAMS 0x000000070b100000, 0x000000070b100000| Complete 
| 152|0x000000070b200000, 0x000000070b300000, 0x000000070b300000|100%| E|CS|TAMS 0x000000070b200000, 0x000000070b200000| Complete 
| 153|0x000000070b300000, 0x000000070b400000, 0x000000070b400000|100%| E|CS|TAMS 0x000000070b300000, 0x000000070b300000| Complete 
| 154|0x000000070b400000, 0x000000070b500000, 0x000000070b500000|100%| E|CS|TAMS 0x000000070b400000, 0x000000070b400000| Complete 
| 155|0x000000070b500000, 0x000000070b600000, 0x000000070b600000|100%| E|CS|TAMS 0x000000070b500000, 0x000000070b500000| Complete 
| 156|0x000000070b600000, 0x000000070b700000, 0x000000070b700000|100%| E|CS|TAMS 0x000000070b600000, 0x000000070b600000| Complete 
| 157|0x000000070b700000, 0x000000070b800000, 0x000000070b800000|100%| E|CS|TAMS 0x000000070b700000, 0x000000070b700000| Complete 
| 158|0x000000070b800000, 0x000000070b900000, 0x000000070b900000|100%| E|CS|TAMS 0x000000070b800000, 0x000000070b800000| Complete 
| 159|0x000000070b900000, 0x000000070ba00000, 0x000000070ba00000|100%| E|CS|TAMS 0x000000070b900000, 0x000000070b900000| Complete 
| 160|0x000000070ba00000, 0x000000070bb00000, 0x000000070bb00000|100%| E|CS|TAMS 0x000000070ba00000, 0x000000070ba00000| Complete 
| 161|0x000000070bb00000, 0x000000070bc00000, 0x000000070bc00000|100%| E|CS|TAMS 0x000000070bb00000, 0x000000070bb00000| Complete 
| 162|0x000000070bc00000, 0x000000070bd00000, 0x000000070bd00000|100%| E|CS|TAMS 0x000000070bc00000, 0x000000070bc00000| Complete 
| 163|0x000000070bd00000, 0x000000070be00000, 0x000000070be00000|100%| E|CS|TAMS 0x000000070bd00000, 0x000000070bd00000| Complete 
| 164|0x000000070be00000, 0x000000070bf00000, 0x000000070bf00000|100%| E|CS|TAMS 0x000000070be00000, 0x000000070be00000| Complete 
| 165|0x000000070bf00000, 0x000000070c000000, 0x000000070c000000|100%| E|CS|TAMS 0x000000070bf00000, 0x000000070bf00000| Complete 
| 166|0x000000070c000000, 0x000000070c100000, 0x000000070c100000|100%| E|CS|TAMS 0x000000070c000000, 0x000000070c000000| Complete 
| 167|0x000000070c100000, 0x000000070c200000, 0x000000070c200000|100%| E|CS|TAMS 0x000000070c100000, 0x000000070c100000| Complete 
| 168|0x000000070c200000, 0x000000070c300000, 0x000000070c300000|100%| E|CS|TAMS 0x000000070c200000, 0x000000070c200000| Complete 
| 169|0x000000070c300000, 0x000000070c400000, 0x000000070c400000|100%| E|CS|TAMS 0x000000070c300000, 0x000000070c300000| Complete 
| 170|0x000000070c400000, 0x000000070c500000, 0x000000070c500000|100%| E|CS|TAMS 0x000000070c400000, 0x000000070c400000| Complete 
| 171|0x000000070c500000, 0x000000070c600000, 0x000000070c600000|100%| E|CS|TAMS 0x000000070c500000, 0x000000070c500000| Complete 
| 172|0x000000070c600000, 0x000000070c700000, 0x000000070c700000|100%| E|CS|TAMS 0x000000070c600000, 0x000000070c600000| Complete 
| 173|0x000000070c700000, 0x000000070c800000, 0x000000070c800000|100%| E|CS|TAMS 0x000000070c700000, 0x000000070c700000| Complete 
| 174|0x000000070c800000, 0x000000070c900000, 0x000000070c900000|100%| E|CS|TAMS 0x000000070c800000, 0x000000070c800000| Complete 
| 175|0x000000070c900000, 0x000000070ca00000, 0x000000070ca00000|100%| E|CS|TAMS 0x000000070c900000, 0x000000070c900000| Complete 
| 176|0x000000070ca00000, 0x000000070cb00000, 0x000000070cb00000|100%| E|CS|TAMS 0x000000070ca00000, 0x000000070ca00000| Complete 
| 177|0x000000070cb00000, 0x000000070cc00000, 0x000000070cc00000|100%| E|CS|TAMS 0x000000070cb00000, 0x000000070cb00000| Complete 
| 178|0x000000070cc00000, 0x000000070cd00000, 0x000000070cd00000|100%| E|CS|TAMS 0x000000070cc00000, 0x000000070cc00000| Complete 
| 179|0x000000070cd00000, 0x000000070ce00000, 0x000000070ce00000|100%| E|CS|TAMS 0x000000070cd00000, 0x000000070cd00000| Complete 
| 180|0x000000070ce00000, 0x000000070cf00000, 0x000000070cf00000|100%| E|CS|TAMS 0x000000070ce00000, 0x000000070ce00000| Complete 
| 181|0x000000070cf00000, 0x000000070d000000, 0x000000070d000000|100%| E|CS|TAMS 0x000000070cf00000, 0x000000070cf00000| Complete 
| 182|0x000000070d000000, 0x000000070d100000, 0x000000070d100000|100%| E|CS|TAMS 0x000000070d000000, 0x000000070d000000| Complete 
| 183|0x000000070d100000, 0x000000070d200000, 0x000000070d200000|100%| E|CS|TAMS 0x000000070d100000, 0x000000070d100000| Complete 
| 184|0x000000070d200000, 0x000000070d300000, 0x000000070d300000|100%| E|CS|TAMS 0x000000070d200000, 0x000000070d200000| Complete 
| 185|0x000000070d300000, 0x000000070d400000, 0x000000070d400000|100%| E|CS|TAMS 0x000000070d300000, 0x000000070d300000| Complete 
| 186|0x000000070d400000, 0x000000070d500000, 0x000000070d500000|100%| E|CS|TAMS 0x000000070d400000, 0x000000070d400000| Complete 
| 187|0x000000070d500000, 0x000000070d600000, 0x000000070d600000|100%| E|CS|TAMS 0x000000070d500000, 0x000000070d500000| Complete 
| 188|0x000000070d600000, 0x000000070d700000, 0x000000070d700000|100%| E|CS|TAMS 0x000000070d600000, 0x000000070d600000| Complete 
| 189|0x000000070d700000, 0x000000070d800000, 0x000000070d800000|100%| E|CS|TAMS 0x000000070d700000, 0x000000070d700000| Complete 
| 190|0x000000070d800000, 0x000000070d900000, 0x000000070d900000|100%| E|CS|TAMS 0x000000070d800000, 0x000000070d800000| Complete 
| 191|0x000000070d900000, 0x000000070da00000, 0x000000070da00000|100%| E|CS|TAMS 0x000000070d900000, 0x000000070d900000| Complete 
| 192|0x000000070da00000, 0x000000070db00000, 0x000000070db00000|100%| E|CS|TAMS 0x000000070da00000, 0x000000070da00000| Complete 
| 193|0x000000070db00000, 0x000000070dc00000, 0x000000070dc00000|100%| E|CS|TAMS 0x000000070db00000, 0x000000070db00000| Complete 
| 194|0x000000070dc00000, 0x000000070dd00000, 0x000000070dd00000|100%| E|CS|TAMS 0x000000070dc00000, 0x000000070dc00000| Complete 
| 195|0x000000070dd00000, 0x000000070de00000, 0x000000070de00000|100%| E|CS|TAMS 0x000000070dd00000, 0x000000070dd00000| Complete 
| 196|0x000000070de00000, 0x000000070df00000, 0x000000070df00000|100%| E|CS|TAMS 0x000000070de00000, 0x000000070de00000| Complete 
| 197|0x000000070df00000, 0x000000070e000000, 0x000000070e000000|100%| E|CS|TAMS 0x000000070df00000, 0x000000070df00000| Complete 
| 198|0x000000070e000000, 0x000000070e100000, 0x000000070e100000|100%| E|CS|TAMS 0x000000070e000000, 0x000000070e000000| Complete 
| 199|0x000000070e100000, 0x000000070e200000, 0x000000070e200000|100%| E|CS|TAMS 0x000000070e100000, 0x000000070e100000| Complete 
| 200|0x000000070e200000, 0x000000070e300000, 0x000000070e300000|100%| E|CS|TAMS 0x000000070e200000, 0x000000070e200000| Complete 
| 201|0x000000070e300000, 0x000000070e400000, 0x000000070e400000|100%| E|CS|TAMS 0x000000070e300000, 0x000000070e300000| Complete 
| 202|0x000000070e400000, 0x000000070e500000, 0x000000070e500000|100%| E|CS|TAMS 0x000000070e400000, 0x000000070e400000| Complete 
| 203|0x000000070e500000, 0x000000070e600000, 0x000000070e600000|100%| E|CS|TAMS 0x000000070e500000, 0x000000070e500000| Complete 
| 204|0x000000070e600000, 0x000000070e700000, 0x000000070e700000|100%| E|CS|TAMS 0x000000070e600000, 0x000000070e600000| Complete 
| 205|0x000000070e700000, 0x000000070e800000, 0x000000070e800000|100%| E|CS|TAMS 0x000000070e700000, 0x000000070e700000| Complete 
| 206|0x000000070e800000, 0x000000070e900000, 0x000000070e900000|100%| E|CS|TAMS 0x000000070e800000, 0x000000070e800000| Complete 
| 207|0x000000070e900000, 0x000000070ea00000, 0x000000070ea00000|100%| E|CS|TAMS 0x000000070e900000, 0x000000070e900000| Complete 
| 208|0x000000070ea00000, 0x000000070eb00000, 0x000000070eb00000|100%| E|CS|TAMS 0x000000070ea00000, 0x000000070ea00000| Complete 
| 209|0x000000070eb00000, 0x000000070ec00000, 0x000000070ec00000|100%| E|CS|TAMS 0x000000070eb00000, 0x000000070eb00000| Complete 
| 210|0x000000070ec00000, 0x000000070ed00000, 0x000000070ed00000|100%| E|CS|TAMS 0x000000070ec00000, 0x000000070ec00000| Complete 
| 211|0x000000070ed00000, 0x000000070ee00000, 0x000000070ee00000|100%| E|CS|TAMS 0x000000070ed00000, 0x000000070ed00000| Complete 
| 212|0x000000070ee00000, 0x000000070ef00000, 0x000000070ef00000|100%| E|CS|TAMS 0x000000070ee00000, 0x000000070ee00000| Complete 
| 213|0x000000070ef00000, 0x000000070f000000, 0x000000070f000000|100%| E|CS|TAMS 0x000000070ef00000, 0x000000070ef00000| Complete 
| 214|0x000000070f000000, 0x000000070f100000, 0x000000070f100000|100%| E|CS|TAMS 0x000000070f000000, 0x000000070f000000| Complete 
| 215|0x000000070f100000, 0x000000070f200000, 0x000000070f200000|100%| E|CS|TAMS 0x000000070f100000, 0x000000070f100000| Complete 
| 216|0x000000070f200000, 0x000000070f300000, 0x000000070f300000|100%| E|CS|TAMS 0x000000070f200000, 0x000000070f200000| Complete 
| 217|0x000000070f300000, 0x000000070f400000, 0x000000070f400000|100%| E|CS|TAMS 0x000000070f300000, 0x000000070f300000| Complete 
| 218|0x000000070f400000, 0x000000070f500000, 0x000000070f500000|100%| E|CS|TAMS 0x000000070f400000, 0x000000070f400000| Complete 
| 219|0x000000070f500000, 0x000000070f600000, 0x000000070f600000|100%| E|CS|TAMS 0x000000070f500000, 0x000000070f500000| Complete 
| 220|0x000000070f600000, 0x000000070f700000, 0x000000070f700000|100%| E|CS|TAMS 0x000000070f600000, 0x000000070f600000| Complete 
| 221|0x000000070f700000, 0x000000070f800000, 0x000000070f800000|100%| E|CS|TAMS 0x000000070f700000, 0x000000070f700000| Complete 
| 222|0x000000070f800000, 0x000000070f900000, 0x000000070f900000|100%| E|CS|TAMS 0x000000070f800000, 0x000000070f800000| Complete 
| 223|0x000000070f900000, 0x000000070fa00000, 0x000000070fa00000|100%| E|CS|TAMS 0x000000070f900000, 0x000000070f900000| Complete 
| 224|0x000000070fa00000, 0x000000070fb00000, 0x000000070fb00000|100%| E|CS|TAMS 0x000000070fa00000, 0x000000070fa00000| Complete 
| 225|0x000000070fb00000, 0x000000070fc00000, 0x000000070fc00000|100%| E|CS|TAMS 0x000000070fb00000, 0x000000070fb00000| Complete 
| 226|0x000000070fc00000, 0x000000070fd00000, 0x000000070fd00000|100%| E|CS|TAMS 0x000000070fc00000, 0x000000070fc00000| Complete 
| 227|0x000000070fd00000, 0x000000070fe00000, 0x000000070fe00000|100%| E|CS|TAMS 0x000000070fd00000, 0x000000070fd00000| Complete 
| 228|0x000000070fe00000, 0x000000070ff00000, 0x000000070ff00000|100%| E|CS|TAMS 0x000000070fe00000, 0x000000070fe00000| Complete 
| 229|0x000000070ff00000, 0x0000000710000000, 0x0000000710000000|100%| E|CS|TAMS 0x000000070ff00000, 0x000000070ff00000| Complete 
| 230|0x0000000710000000, 0x0000000710100000, 0x0000000710100000|100%| E|CS|TAMS 0x0000000710000000, 0x0000000710000000| Complete 
| 231|0x0000000710100000, 0x0000000710200000, 0x0000000710200000|100%| E|CS|TAMS 0x0000000710100000, 0x0000000710100000| Complete 
| 232|0x0000000710200000, 0x0000000710300000, 0x0000000710300000|100%| E|CS|TAMS 0x0000000710200000, 0x0000000710200000| Complete 
| 233|0x0000000710300000, 0x0000000710400000, 0x0000000710400000|100%| E|CS|TAMS 0x0000000710300000, 0x0000000710300000| Complete 
| 234|0x0000000710400000, 0x0000000710500000, 0x0000000710500000|100%| E|CS|TAMS 0x0000000710400000, 0x0000000710400000| Complete 
| 235|0x0000000710500000, 0x0000000710600000, 0x0000000710600000|100%| E|CS|TAMS 0x0000000710500000, 0x0000000710500000| Complete 
| 236|0x0000000710600000, 0x0000000710700000, 0x0000000710700000|100%| E|CS|TAMS 0x0000000710600000, 0x0000000710600000| Complete 
| 237|0x0000000710700000, 0x0000000710800000, 0x0000000710800000|100%| E|CS|TAMS 0x0000000710700000, 0x0000000710700000| Complete 
| 238|0x0000000710800000, 0x0000000710900000, 0x0000000710900000|100%| E|CS|TAMS 0x0000000710800000, 0x0000000710800000| Complete 
| 239|0x0000000710900000, 0x0000000710a00000, 0x0000000710a00000|100%| E|CS|TAMS 0x0000000710900000, 0x0000000710900000| Complete 
| 240|0x0000000710a00000, 0x0000000710b00000, 0x0000000710b00000|100%| E|CS|TAMS 0x0000000710a00000, 0x0000000710a00000| Complete 
| 241|0x0000000710b00000, 0x0000000710c00000, 0x0000000710c00000|100%| E|CS|TAMS 0x0000000710b00000, 0x0000000710b00000| Complete 
| 242|0x0000000710c00000, 0x0000000710d00000, 0x0000000710d00000|100%| E|CS|TAMS 0x0000000710c00000, 0x0000000710c00000| Complete 
| 243|0x0000000710d00000, 0x0000000710e00000, 0x0000000710e00000|100%| E|CS|TAMS 0x0000000710d00000, 0x0000000710d00000| Complete 
| 244|0x0000000710e00000, 0x0000000710f00000, 0x0000000710f00000|100%| E|CS|TAMS 0x0000000710e00000, 0x0000000710e00000| Complete 
| 245|0x0000000710f00000, 0x0000000711000000, 0x0000000711000000|100%| E|CS|TAMS 0x0000000710f00000, 0x0000000710f00000| Complete 
| 246|0x0000000711000000, 0x0000000711100000, 0x0000000711100000|100%| E|CS|TAMS 0x0000000711000000, 0x0000000711000000| Complete 
| 247|0x0000000711100000, 0x0000000711200000, 0x0000000711200000|100%| E|CS|TAMS 0x0000000711100000, 0x0000000711100000| Complete 
| 248|0x0000000711200000, 0x0000000711300000, 0x0000000711300000|100%| E|CS|TAMS 0x0000000711200000, 0x0000000711200000| Complete 
| 249|0x0000000711300000, 0x0000000711400000, 0x0000000711400000|100%| E|CS|TAMS 0x0000000711300000, 0x0000000711300000| Complete 
| 250|0x0000000711400000, 0x0000000711500000, 0x0000000711500000|100%| E|CS|TAMS 0x0000000711400000, 0x0000000711400000| Complete 
| 251|0x0000000711500000, 0x0000000711600000, 0x0000000711600000|100%| E|CS|TAMS 0x0000000711500000, 0x0000000711500000| Complete 
| 252|0x0000000711600000, 0x0000000711700000, 0x0000000711700000|100%| E|CS|TAMS 0x0000000711600000, 0x0000000711600000| Complete 
| 253|0x0000000711700000, 0x0000000711800000, 0x0000000711800000|100%| E|CS|TAMS 0x0000000711700000, 0x0000000711700000| Complete 
| 254|0x0000000711800000, 0x0000000711900000, 0x0000000711900000|100%| E|CS|TAMS 0x0000000711800000, 0x0000000711800000| Complete 
| 255|0x0000000711900000, 0x0000000711a00000, 0x0000000711a00000|100%| E|CS|TAMS 0x0000000711900000, 0x0000000711900000| Complete 
| 256|0x0000000711a00000, 0x0000000711b00000, 0x0000000711b00000|100%| E|CS|TAMS 0x0000000711a00000, 0x0000000711a00000| Complete 
| 257|0x0000000711b00000, 0x0000000711c00000, 0x0000000711c00000|100%| E|CS|TAMS 0x0000000711b00000, 0x0000000711b00000| Complete 
| 258|0x0000000711c00000, 0x0000000711d00000, 0x0000000711d00000|100%| E|CS|TAMS 0x0000000711c00000, 0x0000000711c00000| Complete 
| 259|0x0000000711d00000, 0x0000000711e00000, 0x0000000711e00000|100%| E|CS|TAMS 0x0000000711d00000, 0x0000000711d00000| Complete 
| 260|0x0000000711e00000, 0x0000000711f00000, 0x0000000711f00000|100%| E|CS|TAMS 0x0000000711e00000, 0x0000000711e00000| Complete 
| 261|0x0000000711f00000, 0x0000000712000000, 0x0000000712000000|100%| E|CS|TAMS 0x0000000711f00000, 0x0000000711f00000| Complete 
| 262|0x0000000712000000, 0x0000000712100000, 0x0000000712100000|100%| E|CS|TAMS 0x0000000712000000, 0x0000000712000000| Complete 
| 263|0x0000000712100000, 0x0000000712200000, 0x0000000712200000|100%| E|CS|TAMS 0x0000000712100000, 0x0000000712100000| Complete 
| 264|0x0000000712200000, 0x0000000712300000, 0x0000000712300000|100%| E|CS|TAMS 0x0000000712200000, 0x0000000712200000| Complete 
| 265|0x0000000712300000, 0x0000000712400000, 0x0000000712400000|100%| E|CS|TAMS 0x0000000712300000, 0x0000000712300000| Complete 
| 266|0x0000000712400000, 0x0000000712500000, 0x0000000712500000|100%| E|CS|TAMS 0x0000000712400000, 0x0000000712400000| Complete 
| 267|0x0000000712500000, 0x0000000712600000, 0x0000000712600000|100%| E|CS|TAMS 0x0000000712500000, 0x0000000712500000| Complete 
| 268|0x0000000712600000, 0x0000000712700000, 0x0000000712700000|100%| E|CS|TAMS 0x0000000712600000, 0x0000000712600000| Complete 
| 269|0x0000000712700000, 0x0000000712800000, 0x0000000712800000|100%| E|CS|TAMS 0x0000000712700000, 0x0000000712700000| Complete 
| 270|0x0000000712800000, 0x0000000712900000, 0x0000000712900000|100%| E|CS|TAMS 0x0000000712800000, 0x0000000712800000| Complete 
| 271|0x0000000712900000, 0x0000000712a00000, 0x0000000712a00000|100%| E|CS|TAMS 0x0000000712900000, 0x0000000712900000| Complete 
| 272|0x0000000712a00000, 0x0000000712b00000, 0x0000000712b00000|100%| E|CS|TAMS 0x0000000712a00000, 0x0000000712a00000| Complete 
| 273|0x0000000712b00000, 0x0000000712c00000, 0x0000000712c00000|100%| E|CS|TAMS 0x0000000712b00000, 0x0000000712b00000| Complete 
| 274|0x0000000712c00000, 0x0000000712d00000, 0x0000000712d00000|100%| E|CS|TAMS 0x0000000712c00000, 0x0000000712c00000| Complete 
| 275|0x0000000712d00000, 0x0000000712e00000, 0x0000000712e00000|100%| E|CS|TAMS 0x0000000712d00000, 0x0000000712d00000| Complete 
| 276|0x0000000712e00000, 0x0000000712e80000, 0x0000000712f00000| 50%| S|CS|TAMS 0x0000000712e00000, 0x0000000712e00000| Complete 
| 277|0x0000000712f00000, 0x0000000713000000, 0x0000000713000000|100%| S|CS|TAMS 0x0000000712f00000, 0x0000000712f00000| Complete 
| 278|0x0000000713000000, 0x0000000713100000, 0x0000000713100000|100%| S|CS|TAMS 0x0000000713000000, 0x0000000713000000| Complete 
| 279|0x0000000713100000, 0x0000000713200000, 0x0000000713200000|100%| S|CS|TAMS 0x0000000713100000, 0x0000000713100000| Complete 
| 280|0x0000000713200000, 0x0000000713300000, 0x0000000713300000|100%| S|CS|TAMS 0x0000000713200000, 0x0000000713200000| Complete 
| 281|0x0000000713300000, 0x0000000713400000, 0x0000000713400000|100%| S|CS|TAMS 0x0000000713300000, 0x0000000713300000| Complete 
| 282|0x0000000713400000, 0x0000000713500000, 0x0000000713500000|100%| S|CS|TAMS 0x0000000713400000, 0x0000000713400000| Complete 
| 283|0x0000000713500000, 0x0000000713600000, 0x0000000713600000|100%| S|CS|TAMS 0x0000000713500000, 0x0000000713500000| Complete 
| 284|0x0000000713600000, 0x0000000713700000, 0x0000000713700000|100%| S|CS|TAMS 0x0000000713600000, 0x0000000713600000| Complete 
| 285|0x0000000713700000, 0x0000000713800000, 0x0000000713800000|100%| S|CS|TAMS 0x0000000713700000, 0x0000000713700000| Complete 
| 286|0x0000000713800000, 0x0000000713900000, 0x0000000713900000|100%| S|CS|TAMS 0x0000000713800000, 0x0000000713800000| Complete 
| 287|0x0000000713900000, 0x0000000713a00000, 0x0000000713a00000|100%| S|CS|TAMS 0x0000000713900000, 0x0000000713900000| Complete 
| 288|0x0000000713a00000, 0x0000000713b00000, 0x0000000713b00000|100%| S|CS|TAMS 0x0000000713a00000, 0x0000000713a00000| Complete 
| 289|0x0000000713b00000, 0x0000000713c00000, 0x0000000713c00000|100%| E|CS|TAMS 0x0000000713b00000, 0x0000000713b00000| Complete 
| 290|0x0000000713c00000, 0x0000000713d00000, 0x0000000713d00000|100%| E|CS|TAMS 0x0000000713c00000, 0x0000000713c00000| Complete 
| 291|0x0000000713d00000, 0x0000000713e00000, 0x0000000713e00000|100%| E|CS|TAMS 0x0000000713d00000, 0x0000000713d00000| Complete 
| 292|0x0000000713e00000, 0x0000000713f00000, 0x0000000713f00000|100%| E|CS|TAMS 0x0000000713e00000, 0x0000000713e00000| Complete 
| 293|0x0000000713f00000, 0x0000000714000000, 0x0000000714000000|100%| E|CS|TAMS 0x0000000713f00000, 0x0000000713f00000| Complete 
| 294|0x0000000714000000, 0x0000000714100000, 0x0000000714100000|100%| E|CS|TAMS 0x0000000714000000, 0x0000000714000000| Complete 
| 295|0x0000000714100000, 0x0000000714200000, 0x0000000714200000|100%| E|CS|TAMS 0x0000000714100000, 0x0000000714100000| Complete 
| 296|0x0000000714200000, 0x0000000714300000, 0x0000000714300000|100%| E|CS|TAMS 0x0000000714200000, 0x0000000714200000| Complete 
| 297|0x0000000714300000, 0x0000000714400000, 0x0000000714400000|100%| E|CS|TAMS 0x0000000714300000, 0x0000000714300000| Complete 
| 298|0x0000000714400000, 0x0000000714500000, 0x0000000714500000|100%| E|CS|TAMS 0x0000000714400000, 0x0000000714400000| Complete 
| 299|0x0000000714500000, 0x0000000714600000, 0x0000000714600000|100%| E|CS|TAMS 0x0000000714500000, 0x0000000714500000| Complete 
| 300|0x0000000714600000, 0x0000000714700000, 0x0000000714700000|100%| E|CS|TAMS 0x0000000714600000, 0x0000000714600000| Complete 
| 301|0x0000000714700000, 0x0000000714800000, 0x0000000714800000|100%| E|CS|TAMS 0x0000000714700000, 0x0000000714700000| Complete 
| 302|0x0000000714800000, 0x0000000714900000, 0x0000000714900000|100%| E|CS|TAMS 0x0000000714800000, 0x0000000714800000| Complete 
| 303|0x0000000714900000, 0x0000000714a00000, 0x0000000714a00000|100%| E|CS|TAMS 0x0000000714900000, 0x0000000714900000| Complete 
| 304|0x0000000714a00000, 0x0000000714b00000, 0x0000000714b00000|100%| E|CS|TAMS 0x0000000714a00000, 0x0000000714a00000| Complete 
| 305|0x0000000714b00000, 0x0000000714c00000, 0x0000000714c00000|100%| E|CS|TAMS 0x0000000714b00000, 0x0000000714b00000| Complete 
| 306|0x0000000714c00000, 0x0000000714d00000, 0x0000000714d00000|100%| E|CS|TAMS 0x0000000714c00000, 0x0000000714c00000| Complete 
| 307|0x0000000714d00000, 0x0000000714e00000, 0x0000000714e00000|100%| E|CS|TAMS 0x0000000714d00000, 0x0000000714d00000| Complete 

Card table byte_map: [0x0000027297420000,0x0000027297c20000] _byte_map_base: 0x0000027293c13000

Marking Bits (Prev, Next): (CMBitMap*) 0x00000272f8fa3e20, (CMBitMap*) 0x00000272f8fa3de8
 Prev Bits: [0x000002729c3c0000, 0x00000272a0358000)
 Next Bits: [0x0000027298420000, 0x000002729c3b8000)

Polling page: 0x0000027280000000

Metaspace:

Usage:
  Non-class:     66.31 MB capacity,    65.13 MB ( 98%) used,   963.66 KB (  1%) free+waste,   250.63 KB ( <1%) overhead. 
      Class:     10.49 MB capacity,     9.73 MB ( 93%) used,   661.62 KB (  6%) free+waste,   121.31 KB (  1%) overhead. 
       Both:     76.80 MB capacity,    74.85 MB ( 97%) used,     1.59 MB (  2%) free+waste,   371.94 KB ( <1%) overhead. 

Virtual space:
  Non-class space:       68.00 MB reserved,      66.50 MB ( 98%) committed 
      Class space:        1.00 GB reserved,      10.57 MB (  1%) committed 
             Both:        1.07 GB reserved,      77.07 MB (  7%) committed 

Chunk freelists:
   Non-Class:  0 bytes
       Class:  1.25 KB
        Both:  1.25 KB

CodeHeap 'non-profiled nmethods': size=120064Kb used=4078Kb max_used=4078Kb free=115985Kb
 bounds [0x000002728f0b0000, 0x000002728f4b0000, 0x00000272965f0000]
CodeHeap 'profiled nmethods': size=120000Kb used=14091Kb max_used=14091Kb free=105908Kb
 bounds [0x0000027287b80000, 0x0000027288950000, 0x000002728f0b0000]
CodeHeap 'non-nmethods': size=5696Kb used=1258Kb max_used=1277Kb free=4437Kb
 bounds [0x00000272875f0000, 0x0000027287860000, 0x0000027287b80000]
 total_blobs=6587 nmethods=5953 adapters=545
 compilation: enabled
              stopped_count=0, restarted_count=0
 full_count=0

Compilation events (10 events):
Event: 39.162 Thread 0x00000272a3303000 nmethod 5971 0x000002728f4a4f90 code [0x000002728f4a52e0, 0x000002728f4a67d0]
Event: 39.172 Thread 0x00000272a3303000 5973       4       org.springframework.boot.devtools.filewatch.FileSnapshot::hashCode (49 bytes)
Event: 39.173 Thread 0x00000272a3304800 5974       3       java.util.Arrays::fill (21 bytes)
Event: 39.174 Thread 0x00000272a3304800 nmethod 5974 0x0000027288939890 code [0x0000027288939a40, 0x0000027288939d78]
Event: 39.177 Thread 0x00000272a3303000 nmethod 5973 0x000002728f4a7510 code [0x000002728f4a76c0, 0x000002728f4a79f8]
Event: 39.180 Thread 0x00000272a3303000 5975       4       java.util.jar.Manifest::getTrustedAttributes (57 bytes)
Event: 39.192 Thread 0x00000272a3303000 nmethod 5975 0x000002728f4a7c10 code [0x000002728f4a7dc0, 0x000002728f4a83e8]
Event: 39.204 Thread 0x00000272a3303000 5976       4       jdk.internal.loader.BuiltinClassLoader::isSealed (70 bytes)
Event: 39.213 Thread 0x00000272a3304800 5977       3       java.io.BufferedInputStream::getInIfOpen (21 bytes)
Event: 39.213 Thread 0x00000272a3304800 nmethod 5977 0x0000027288939e90 code [0x000002728893a040, 0x000002728893a248]

GC Heap History (10 events):
Event: 3.562 GC heap before
{Heap before GC invocations=5 (full 0):
 garbage-first heap   total 262144K, used 54951K [0x0000000701a00000, 0x0000000800000000)
  region size 1024K, 47 young (48128K), 3 survivors (3072K)
 Metaspace       used 25699K, capacity 26340K, committed 26624K, reserved 1073152K
  class space    used 2999K, capacity 3265K, committed 3328K, reserved 1048576K
}
Event: 3.574 GC heap after
{Heap after GC invocations=6 (full 0):
 garbage-first heap   total 262144K, used 11710K [0x0000000701a00000, 0x0000000800000000)
  region size 1024K, 5 young (5120K), 5 survivors (5120K)
 Metaspace       used 25699K, capacity 26340K, committed 26624K, reserved 1073152K
  class space    used 2999K, capacity 3265K, committed 3328K, reserved 1048576K
}
Event: 4.612 GC heap before
{Heap before GC invocations=6 (full 0):
 garbage-first heap   total 262144K, used 81342K [0x0000000701a00000, 0x0000000800000000)
  region size 1024K, 73 young (74752K), 5 survivors (5120K)
 Metaspace       used 31698K, capacity 32501K, committed 32768K, reserved 1077248K
  class space    used 3743K, capacity 4058K, committed 4096K, reserved 1048576K
}
Event: 4.621 GC heap after
{Heap after GC invocations=7 (full 0):
 garbage-first heap   total 262144K, used 13534K [0x0000000701a00000, 0x0000000800000000)
  region size 1024K, 7 young (7168K), 7 survivors (7168K)
 Metaspace       used 31698K, capacity 32501K, committed 32768K, reserved 1077248K
  class space    used 3743K, capacity 4058K, committed 4096K, reserved 1048576K
}
Event: 5.317 GC heap before
{Heap before GC invocations=7 (full 0):
 garbage-first heap   total 262144K, used 43230K [0x0000000701a00000, 0x0000000800000000)
  region size 1024K, 37 young (37888K), 7 survivors (7168K)
 Metaspace       used 34840K, capacity 35775K, committed 35840K, reserved 1081344K
  class space    used 4165K, capacity 4543K, committed 4608K, reserved 1048576K
}
Event: 5.328 GC heap after
{Heap after GC invocations=8 (full 0):
 garbage-first heap   total 262144K, used 15017K [0x0000000701a00000, 0x0000000800000000)
  region size 1024K, 8 young (8192K), 8 survivors (8192K)
 Metaspace       used 34840K, capacity 35775K, committed 35840K, reserved 1081344K
  class space    used 4165K, capacity 4543K, committed 4608K, reserved 1048576K
}
Event: 8.941 GC heap before
{Heap before GC invocations=9 (full 0):
 garbage-first heap   total 262144K, used 157353K [0x0000000701a00000, 0x0000000800000000)
  region size 1024K, 147 young (150528K), 8 survivors (8192K)
 Metaspace       used 55849K, capacity 57300K, committed 57472K, reserved 1099776K
  class space    used 7125K, capacity 7704K, committed 7808K, reserved 1048576K
}
Event: 8.966 GC heap after
{Heap after GC invocations=10 (full 0):
 garbage-first heap   total 315392K, used 22715K [0x0000000701a00000, 0x0000000800000000)
  region size 1024K, 16 young (16384K), 16 survivors (16384K)
 Metaspace       used 55849K, capacity 57300K, committed 57472K, reserved 1099776K
  class space    used 7125K, capacity 7704K, committed 7808K, reserved 1048576K
}
Event: 9.392 GC heap before
{Heap before GC invocations=10 (full 0):
 garbage-first heap   total 315392K, used 41147K [0x0000000701a00000, 0x0000000800000000)
  region size 1024K, 35 young (35840K), 16 survivors (16384K)
 Metaspace       used 58750K, capacity 60141K, committed 60160K, reserved 1101824K
  class space    used 7592K, capacity 8177K, committed 8192K, reserved 1048576K
}
Event: 9.422 GC heap after
{Heap after GC invocations=11 (full 0):
 garbage-first heap   total 315392K, used 23745K [0x0000000701a00000, 0x0000000800000000)
  region size 1024K, 13 young (13312K), 13 survivors (13312K)
 Metaspace       used 58750K, capacity 60141K, committed 60160K, reserved 1101824K
  class space    used 7592K, capacity 8177K, committed 8192K, reserved 1048576K
}

Deoptimization events (10 events):
Event: 21.901 Thread 0x00000272aaa54000 Uncommon trap: reason=class_check action=maybe_recompile pc=0x000002728f45ae40 method=java.util.concurrent.ConcurrentHashMap.putVal(Ljava/lang/Object;Ljava/lang/Object;Z)Ljava/lang/Object; @ 159 c2
Event: 21.902 Thread 0x00000272aaa54000 Uncommon trap: reason=class_check action=maybe_recompile pc=0x000002728f45ae40 method=java.util.concurrent.ConcurrentHashMap.putVal(Ljava/lang/Object;Ljava/lang/Object;Z)Ljava/lang/Object; @ 159 c2
Event: 38.667 Thread 0x00000272aaa59000 Uncommon trap: reason=unstable_if action=reinterpret pc=0x000002728f424528 method=org.springframework.transaction.annotation.SpringTransactionAnnotationParser.parseTransactionAnnotation(Ljava/lang/reflect/AnnotatedElement;)Lorg/springframework/transaction
Event: 38.705 Thread 0x00000272aaa59000 Uncommon trap: reason=unstable_if action=reinterpret pc=0x000002728f47da20 method=java.util.StringTokenizer.skipDelimiters(I)I @ 21 c2
Event: 38.705 Thread 0x00000272aaa59000 Uncommon trap: reason=unstable_if action=reinterpret pc=0x000002728f20afa8 method=java.util.StringTokenizer.scanToken(I)I @ 96 c2
Event: 38.705 Thread 0x00000272aaa59000 Uncommon trap: reason=unstable_if action=reinterpret pc=0x000002728f47f37c method=java.util.StringTokenizer.scanToken(I)I @ 96 c2
Event: 38.748 Thread 0x00000272aaa59000 Uncommon trap: reason=unstable_if action=reinterpret pc=0x000002728f0c29c4 method=java.lang.CharacterData.of(I)Ljava/lang/CharacterData; @ 4 c2
Event: 38.757 Thread 0x00000272aaa59000 Uncommon trap: reason=unstable_if action=reinterpret pc=0x000002728f4608a8 method=java.util.regex.Pattern$BmpCharProperty.match(Ljava/util/regex/Matcher;ILjava/lang/CharSequence;)Z @ 39 c2
Event: 39.122 Thread 0x00000272aaa59000 Uncommon trap: reason=unstable_if action=reinterpret pc=0x000002728f4a4314 method=org.thymeleaf.engine.AttributeName.equals(Ljava/lang/Object;)Z @ 2 c2
Event: 39.122 Thread 0x00000272aaa59000 Uncommon trap: reason=unstable_if action=reinterpret pc=0x000002728f4a47b8 method=org.thymeleaf.engine.AttributeName.equals(Ljava/lang/Object;)Z @ 2 c2

Classes redefined (0 events):
No events

Internal exceptions (10 events):
Event: 21.388 Thread 0x00000272a8466000 Exception <a 'java/lang/ClassNotFoundException'{0x000000070d3c0dd0}: java/lang/ObjectCustomizer> (0x000000070d3c0dd0) thrown at [./open/src/hotspot/share/classfile/systemDictionary.cpp, line 226]
Event: 21.389 Thread 0x00000272a8466000 Exception <a 'java/lang/ClassNotFoundException'{0x000000070d3d5e68}: com/user/app/dto/LessonDtoCustomizer> (0x000000070d3d5e68) thrown at [./open/src/hotspot/share/classfile/systemDictionary.cpp, line 226]
Event: 21.508 Thread 0x00000272a8466000 Exception <a 'java/lang/ClassNotFoundException'{0x000000070d0cdea8}: java/lang/ObjectCustomizer> (0x000000070d0cdea8) thrown at [./open/src/hotspot/share/classfile/systemDictionary.cpp, line 226]
Event: 21.510 Thread 0x00000272a8466000 Exception <a 'java/lang/ClassNotFoundException'{0x000000070d0e41d8}: com/user/app/entity/LessonCustomizer> (0x000000070d0e41d8) thrown at [./open/src/hotspot/share/classfile/systemDictionary.cpp, line 226]
Event: 21.573 Thread 0x00000272a8466000 Exception <a 'java/lang/reflect/InvocationTargetException'{0x000000070cc25aa8}> (0x000000070cc25aa8) thrown at [./open/src/hotspot/share/runtime/reflection.cpp, line 1242]
Event: 21.573 Thread 0x00000272a8466000 Exception <a 'java/lang/reflect/InvocationTargetException'{0x000000070cc26818}> (0x000000070cc26818) thrown at [./open/src/hotspot/share/runtime/reflection.cpp, line 1242]
Event: 21.573 Thread 0x00000272a8466000 Exception <a 'java/lang/reflect/InvocationTargetException'{0x000000070cc272e0}> (0x000000070cc272e0) thrown at [./open/src/hotspot/share/runtime/reflection.cpp, line 1242]
Event: 21.579 Thread 0x00000272a8466000 Exception <a 'java/lang/reflect/InvocationTargetException'{0x000000070cc674b0}> (0x000000070cc674b0) thrown at [./open/src/hotspot/share/runtime/reflection.cpp, line 1242]
Event: 21.590 Thread 0x00000272a8466000 Exception <a 'java/lang/NoClassDefFoundError'{0x000000070ccc09c8}: sun/reflect/Reflection> (0x000000070ccc09c8) thrown at [./open/src/hotspot/share/classfile/systemDictionary.cpp, line 215]
Event: 38.895 Thread 0x00000272aaa59000 Exception <a 'java/lang/NoSuchMethodError'{0x000000070ba418d8}: java.lang.invoke.DirectMethodHandle$Holder.invokeStaticInit(Ljava/lang/Object;Ljava/lang/Object;Ljava/lang/Object;Ljava/lang/Object;Ljava/lang/Object;Ljava/lang/Object;)Ljava/lang/Object;> (0

Events (10 events):
Event: 39.220 loading class org/attoparser/ParsingLocatorUtil
Event: 39.220 loading class org/attoparser/ParsingLocatorUtil done
Event: 39.221 loading class org/attoparser/util/TextUtil
Event: 39.221 loading class org/attoparser/util/TextUtil done
Event: 39.222 loading class org/attoparser/MarkupEventProcessorHandler$StandardNamesRepository
Event: 39.222 loading class org/attoparser/MarkupEventProcessorHandler$StandardNamesRepository done
Event: 39.223 loading class org/attoparser/HtmlNames
Event: 39.223 loading class org/attoparser/HtmlNames done
Event: 39.224 loading class org/attoparser/HtmlElements
Event: 39.224 loading class org/attoparser/HtmlElements done


Dynamic libraries:
0x00007ff681d50000 - 0x00007ff681d5f000 	C:\Program Files\Java\jdk-11.0.15\bin\java.exe
0x00007ff921910000 - 0x00007ff921b08000 	C:\WINDOWS\SYSTEM32\ntdll.dll
0x00007ff920570000 - 0x00007ff92062f000 	C:\WINDOWS\System32\KERNEL32.DLL
0x00007ff91f330000 - 0x00007ff91f602000 	C:\WINDOWS\System32\KERNELBASE.dll
0x00007ff91f860000 - 0x00007ff91f960000 	C:\WINDOWS\System32\ucrtbase.dll
0x00007ff91a080000 - 0x00007ff91a098000 	C:\Program Files\Java\jdk-11.0.15\bin\jli.dll
0x00007ff920320000 - 0x00007ff9203ce000 	C:\WINDOWS\System32\ADVAPI32.dll
0x00007ff91a030000 - 0x00007ff91a045000 	C:\Program Files\Java\jdk-11.0.15\bin\VCRUNTIME140.dll
0x00007ff920df0000 - 0x00007ff920e8e000 	C:\WINDOWS\System32\msvcrt.dll
0x00007ff91f970000 - 0x00007ff91fa0c000 	C:\WINDOWS\System32\sechost.dll
0x00007ff920e90000 - 0x00007ff920fb5000 	C:\WINDOWS\System32\RPCRT4.dll
0x00007ff9203d0000 - 0x00007ff92056d000 	C:\WINDOWS\System32\USER32.dll
0x00007ff91f1c0000 - 0x00007ff91f1e2000 	C:\WINDOWS\System32\win32u.dll
0x00007ff9218a0000 - 0x00007ff9218cb000 	C:\WINDOWS\System32\GDI32.dll
0x00007ff91f010000 - 0x00007ff91f11f000 	C:\WINDOWS\System32\gdi32full.dll
0x00007ff91f660000 - 0x00007ff91f6fd000 	C:\WINDOWS\System32\msvcp_win.dll
0x00007ff90d9e0000 - 0x00007ff90dc7a000 	C:\WINDOWS\WinSxS\amd64_microsoft.windows.common-controls_6595b64144ccf1df_6.0.19041.1110_none_60b5254171f9507e\COMCTL32.dll
0x00007ff917690000 - 0x00007ff91769a000 	C:\WINDOWS\SYSTEM32\VERSION.dll
0x00007ff920640000 - 0x00007ff920672000 	C:\WINDOWS\System32\IMM32.DLL
0x00007ff8fe4e0000 - 0x00007ff8fe57b000 	C:\Program Files\Java\jdk-11.0.15\bin\msvcp140.dll
0x00007ff8dfc50000 - 0x00007ff8e0766000 	C:\Program Files\Java\jdk-11.0.15\bin\server\jvm.dll
0x00007ff921890000 - 0x00007ff921898000 	C:\WINDOWS\System32\PSAPI.DLL
0x00007ff90cef0000 - 0x00007ff90cef9000 	C:\WINDOWS\SYSTEM32\WSOCK32.dll
0x00007ff920890000 - 0x00007ff9208fb000 	C:\WINDOWS\System32\WS2_32.dll
0x00007ff90ebb0000 - 0x00007ff90ebd7000 	C:\WINDOWS\SYSTEM32\WINMM.dll
0x00007ff91d820000 - 0x00007ff91d832000 	C:\WINDOWS\SYSTEM32\kernel.appcore.dll
0x00007ff91a5a0000 - 0x00007ff91a5b0000 	C:\Program Files\Java\jdk-11.0.15\bin\verify.dll
0x00007ff91d530000 - 0x00007ff91d714000 	C:\WINDOWS\SYSTEM32\DBGHELP.DLL
0x00007ff90cf50000 - 0x00007ff90cf7c000 	C:\WINDOWS\SYSTEM32\dbgcore.DLL
0x00007ff91f2a0000 - 0x00007ff91f322000 	C:\WINDOWS\System32\bcryptPrimitives.dll
0x00007ff919f80000 - 0x00007ff919fa8000 	C:\Program Files\Java\jdk-11.0.15\bin\java.dll
0x00007ff91a020000 - 0x00007ff91a02a000 	C:\Program Files\Java\jdk-11.0.15\bin\jimage.dll
0x00007ff918ce0000 - 0x00007ff918cee000 	C:\Program Files\Java\jdk-11.0.15\bin\instrument.dll
0x00007ff918b00000 - 0x00007ff918b16000 	C:\Program Files\Java\jdk-11.0.15\bin\zip.dll
0x00007ff921140000 - 0x00007ff921883000 	C:\WINDOWS\System32\SHELL32.dll
0x00007ff91ccc0000 - 0x00007ff91d452000 	C:\WINDOWS\SYSTEM32\windows.storage.dll
0x00007ff920900000 - 0x00007ff920c54000 	C:\WINDOWS\System32\combase.dll
0x00007ff91e8b0000 - 0x00007ff91e8e0000 	C:\WINDOWS\SYSTEM32\Wldp.dll
0x00007ff920270000 - 0x00007ff92031d000 	C:\WINDOWS\System32\SHCORE.dll
0x00007ff920040000 - 0x00007ff920095000 	C:\WINDOWS\System32\shlwapi.dll
0x00007ff91ef50000 - 0x00007ff91ef6f000 	C:\WINDOWS\SYSTEM32\profapi.dll
0x00007ff918ac0000 - 0x00007ff918ad9000 	C:\Program Files\Java\jdk-11.0.15\bin\net.dll
0x00007ff90f4b0000 - 0x00007ff90f5bc000 	C:\WINDOWS\SYSTEM32\WINHTTP.dll
0x00007ff91e690000 - 0x00007ff91e6fa000 	C:\WINDOWS\system32\mswsock.dll
0x00007ff918aa0000 - 0x00007ff918ab2000 	C:\Program Files\Java\jdk-11.0.15\bin\nio.dll
0x00007ff918a80000 - 0x00007ff918a9a000 	C:\Program Files\JetBrains\IntelliJ IDEA Community Edition 2022.2.2\bin\breakgen64.dll
0x00007ff918af0000 - 0x00007ff918af9000 	C:\Program Files\Java\jdk-11.0.15\bin\management.dll
0x00007ff918a30000 - 0x00007ff918a3b000 	C:\Program Files\Java\jdk-11.0.15\bin\management_ext.dll
0x00007ff9168d0000 - 0x00007ff9168e7000 	C:\WINDOWS\system32\napinsp.dll
0x00007ff9168b0000 - 0x00007ff9168cb000 	C:\WINDOWS\system32\pnrpnsp.dll
0x00007ff8fa790000 - 0x00007ff8fa7a5000 	C:\WINDOWS\system32\wshbth.dll
0x00007ff91a2c0000 - 0x00007ff91a2dd000 	C:\WINDOWS\system32\NLAapi.dll
0x00007ff91e3a0000 - 0x00007ff91e3db000 	C:\WINDOWS\SYSTEM32\IPHLPAPI.DLL
0x00007ff91e3e0000 - 0x00007ff91e4aa000 	C:\WINDOWS\SYSTEM32\DNSAPI.dll
0x00007ff91f960000 - 0x00007ff91f968000 	C:\WINDOWS\System32\NSI.dll
0x00007ff90d600000 - 0x00007ff90d612000 	C:\WINDOWS\System32\winrnr.dll
0x00007ff90efc0000 - 0x00007ff90efca000 	C:\Windows\System32\rasadhlp.dll
0x00007ff90f050000 - 0x00007ff90f0d0000 	C:\WINDOWS\System32\fwpuclnt.dll
0x00007ff91f190000 - 0x00007ff91f1b7000 	C:\WINDOWS\System32\bcrypt.dll
0x00007ff91e8f0000 - 0x00007ff91e908000 	C:\WINDOWS\SYSTEM32\CRYPTSP.dll
0x00007ff91dfd0000 - 0x00007ff91e004000 	C:\WINDOWS\system32\rsaenh.dll
0x00007ff91ef10000 - 0x00007ff91ef3e000 	C:\WINDOWS\SYSTEM32\USERENV.dll
0x00007ff91e820000 - 0x00007ff91e82c000 	C:\WINDOWS\SYSTEM32\CRYPTBASE.dll
0x00007ff910060000 - 0x00007ff910077000 	C:\WINDOWS\SYSTEM32\dhcpcsvc6.DLL
0x00007ff910040000 - 0x00007ff91005d000 	C:\WINDOWS\SYSTEM32\dhcpcsvc.DLL
0x00007ff917660000 - 0x00007ff917685000 	C:\Program Files\Java\jdk-11.0.15\bin\sunec.dll
0x00007ff918a20000 - 0x00007ff918a2d000 	C:\Program Files\Java\jdk-11.0.15\bin\sunmscapi.dll
0x00007ff91f700000 - 0x00007ff91f856000 	C:\WINDOWS\System32\CRYPT32.dll
0x00007ff91ea70000 - 0x00007ff91ea97000 	C:\WINDOWS\SYSTEM32\ncrypt.dll
0x00007ff91ea30000 - 0x00007ff91ea6b000 	C:\WINDOWS\SYSTEM32\NTASN1.dll

dbghelp: loaded successfully - version: 4.0.5 - missing functions: none
symbol engine: initialized successfully - sym options: 0x614 - pdb path: .;C:\Program Files\Java\jdk-11.0.15\bin;C:\WINDOWS\SYSTEM32;C:\WINDOWS\WinSxS\amd64_microsoft.windows.common-controls_6595b64144ccf1df_6.0.19041.1110_none_60b5254171f9507e;C:\Program Files\Java\jdk-11.0.15\bin\server;C:\Program Files\JetBrains\IntelliJ IDEA Community Edition 2022.2.2\bin

VM Arguments:
jvm_args: -javaagent:C:\Program Files\JetBrains\IntelliJ IDEA Community Edition 2022.2.2\lib\idea_rt.jar=52152:C:\Program Files\JetBrains\IntelliJ IDEA Community Edition 2022.2.2\bin -Dfile.encoding=UTF-8 
java_command: com.user.app.SmartcontactmanagerApplication
java_class_path (initial): C:\Java Traning\SpringBoot\smartcontactmanager\target\classes;C:\Users\Dell1\.m2\repository\com\google\code\gson\gson\2.10\gson-2.10.jar;C:\Users\Dell1\.m2\repository\org\projectlombok\lombok\1.18.24\lombok-1.18.24.jar;C:\Users\Dell1\.m2\repository\org\modelmapper\modelmapper\2.3.8\modelmapper-2.3.8.jar;C:\Users\Dell1\.m2\repository\org\springframework\boot\spring-boot-starter-mail\2.7.1\spring-boot-starter-mail-2.7.1.jar;C:\Users\Dell1\.m2\repository\org\springframework\boot\spring-boot-starter\2.7.1\spring-boot-starter-2.7.1.jar;C:\Users\Dell1\.m2\repository\org\springframework\boot\spring-boot-starter-logging\2.7.1\spring-boot-starter-logging-2.7.1.jar;C:\Users\Dell1\.m2\repository\ch\qos\logback\logback-classic\1.2.11\logback-classic-1.2.11.jar;C:\Users\Dell1\.m2\repository\ch\qos\logback\logback-core\1.2.11\logback-core-1.2.11.jar;C:\Users\Dell1\.m2\repository\org\apache\logging\log4j\log4j-to-slf4j\2.17.2\log4j-to-slf4j-2.17.2.jar;C:\Users\Dell1\.m2\repository\org\apache\logging\log4j\log4j-api\2.17.2\log4j-api-2.17.2.jar;C:\Users\Dell1\.m2\repository\org\slf4j\jul-to-slf4j\1.7.36\jul-to-slf4j-1.7.36.jar;C:\Users\Dell1\.m2\repository\jakarta\annotation\jakarta.annotation-api\1.3.5\jakarta.annotation-api-1.3.5.jar;C:\Users\Dell1\.m2\repository\org\yaml\snakeyaml\1.30\snakeyaml-1.30.jar;C:\Users\Dell1\.m2\repository\org\springframework\spring-context-support\5.3.21\spring-context-support-5.3.21.jar;C:\Users\Dell1\.m2\repository\org\springframework\spring-beans\5.3.21\spring-beans-5.3.21.jar;C:\Users\Dell1\.m2\repository\org\springframework\spring-context\5.3.21\spring-context-5.3.21.jar;C:\Users\Dell1\.m2\repository\com\sun\mail\jakarta.mail\1.6.7\jakarta.mail-1.6.7.jar;C:\Users\Dell1\.m2\repository\com\sun\activation\jakarta.activation\1.2.2\jakarta.activation-1.2.2.jar;C:\Users\Dell1\.m2\repository\org\springframework\boot\spring-boot-starter-security\2.7.1\spring-boot-starter-security-2.7.1.jar;C:\Users\Dell1\.m2\repository\org\sp
Launcher Type: SUN_STANDARD

[Global flags]
     intx CICompilerCount                          = 3                                         {product} {ergonomic}
     uint ConcGCThreads                            = 1                                         {product} {ergonomic}
     uint G1ConcRefinementThreads                  = 4                                         {product} {ergonomic}
   size_t G1HeapRegionSize                         = 1048576                                   {product} {ergonomic}
    uintx GCDrainStackTargetSize                   = 64                                        {product} {ergonomic}
   size_t InitialHeapSize                          = 268435456                                 {product} {ergonomic}
   size_t MarkStackSize                            = 4194304                                   {product} {ergonomic}
   size_t MaxHeapSize                              = 4267704320                                {product} {ergonomic}
   size_t MaxNewSize                               = 2560622592                                {product} {ergonomic}
   size_t MinHeapDeltaBytes                        = 1048576                                   {product} {ergonomic}
    uintx NonNMethodCodeHeapSize                   = 5830732                                {pd product} {ergonomic}
    uintx NonProfiledCodeHeapSize                  = 122913754                              {pd product} {ergonomic}
    uintx ProfiledCodeHeapSize                     = 122913754                              {pd product} {ergonomic}
    uintx ReservedCodeCacheSize                    = 251658240                              {pd product} {ergonomic}
     bool SegmentedCodeCache                       = true                                      {product} {ergonomic}
     bool UseCompressedClassPointers               = true                                 {lp64_product} {ergonomic}
     bool UseCompressedOops                        = true                                 {lp64_product} {ergonomic}
     bool UseG1GC                                  = true                                      {product} {ergonomic}
     bool UseLargePagesIndividualAllocation        = false                                  {pd product} {ergonomic}

Logging:
Log output configuration:
 #0: stdout all=warning uptime,level,tags
 #1: stderr all=off uptime,level,tags

Environment Variables:
JAVA_HOME=C:\Program Files\Java\jdk-11.0.15
PATH=C:\Users\Dell1\AppData\Local\Programs\Python\Python310\Scripts\;C:\Users\Dell1\AppData\Local\Programs\Python\Python310\;C:\Program Files\Common Files\Oracle\Java\javapath;C:\Program Files (x86)\Common Files\Oracle\Java\javapath;C:\Program Files\Java\jdk1.8.0_321\bin;C:\WINDOWS\system32;C:\WINDOWS;C:\WINDOWS\System32\Wbem;C:\WINDOWS\System32\WindowsPowerShell\v1.0\;C:\WINDOWS\System32\OpenSSH\;C:\Program Files\dotnet\;C:\Program Files (x86)\Intel\Intel(R) Management Engine Components\DAL;C:\Program Files\Intel\Intel(R) Management Engine Components\DAL;C:\ProgramData\ComposerSetup\bin;C:\Program Files\Git\cmd;C:\Program Files\Java\jre1.8.0_333\bin;C:\Program Files\Java\jad.exe;C:\Program Files\nodejs\;C:\ProgramData\chocolatey\bin;;C:\Program Files\Docker\Docker\resources\bin;C:\Program Files\Java\jdk1.8.0_321\bin;C:\Users\Dell1\AppData\Local\Microsoft\WindowsApps;C:\xampp\php;C:\Users\Dell1\AppData\Roaming\Composer\vendor\bin;C:\Users\Dell1\AppData\Local\Programs\Microsoft VS Code\bin;C:\Program Files\JetBrains\IntelliJ IDEA Community Edition 2022.2.2\bin;;C:\Program Files\Java\jad.exe;C:\Users\Dell1\AppData\Roaming\npm;C:\ffmpeg\bin;C:\Program Files\heroku\bin
USERNAME=Dell1
OS=Windows_NT
PROCESSOR_IDENTIFIER=Intel64 Family 6 Model 78 Stepping 3, GenuineIntel



---------------  S Y S T E M  ---------------

OS: Windows 10 , 64 bit Build 19041 (10.0.19041.2251)
Hyper-V role detected

CPU:total 4 (initial active 4) (2 cores per cpu, 2 threads per core) family 6 model 78 stepping 3 microcode 0xec, cmov, cx8, fxsr, mmx, sse, sse2, sse3, ssse3, sse4.1, sse4.2, popcnt, avx, avx2, aes, clmul, erms, rtm, 3dnowpref, lzcnt, ht, tsc, tscinvbit, bmi1, bmi2, adx, fma

Memory: 4k page, system-wide physical 16275M (481M free)
TotalPageFile size 46719M (AvailPageFile size 5M)
current process WorkingSet (physical memory assigned to process): 426M, peak: 427M
current process commit charge ("private bytes"): 544M, peak: 545M

vm_info: Java HotSpot(TM) 64-Bit Server VM (11.0.15+8-LTS-149) for windows-amd64 JRE (11.0.15+8-LTS-149), built on Mar  9 2022 22:42:32 by "mach5one" with MS VC++ 15.9 (VS2017)

END.
